[www.viralcuts.co/index.html]
[backblue.gif]
[fade.gif]
[index.html]
[assets-global.website-files.com/644ce907322b022df1244c29/css/viralcuts.webflow.1d7727055.css]
[cdn.prod.website-files.com/644ce907322b022df1244c29/644e606c20ba399f20172444_favicon.png]
[cdn.prod.website-files.com/644ce907322b022df1244c29/644e608f0dbcfa87a6cc69df_webclip.png]
[assets.calendly.com/assets/external/widget.css]
[cdn.jsdelivr.net/npm/@splidejs/splide@3.2.2/dist/css/splide-core.min.css]
[cdn.prod.website-files.com/644d2d21a0c4b116161cde75/65b25ff9fed0f6c0646773e0_jasonhowes.webp]
[cdn.prod.website-files.com/644d2d21a0c4b116161cde75/65b21ec516cd83b427cde9c8_lewis-howes@2x.jpg]
[cdn.prod.website-files.com/plugins/Basic/assets/placeholder.60f9b1840c.svg]
[cdn.prod.website-files.com/644d2d21a0c4b116161cde75/65b25fff705d41c4140b40fe_practicalgolf.webp]
[cdn.prod.website-files.com/644d2d21a0c4b116161cde75/65a0410c5181dbe9c14e32c2_jon-sherman@2x.jpg]
[cdn.prod.website-files.com/644d2d21a0c4b116161cde75/65b2232872125d04c849ec92_logo-tw@2x.png]
[cdn.prod.website-files.com/644d2d21a0c4b116161cde75/65b2879f91afa213cb11cbd5_sahil-bloom-butcher.webp]
[cdn.prod.website-files.com/644d2d21a0c4b116161cde75/65a016d990ada75584714d6f_sahil-avatar.jpg]
[cdn.prod.website-files.com/644d2d21a0c4b116161cde75/65b2240fce75eea61cf88f61_logo-definiteapp@2x.png]
[cdn.prod.website-files.com/644d2d21a0c4b116161cde75/65b2606212f66b74b8499ae2_samparr.webp]
[cdn.prod.website-files.com/644d2d21a0c4b116161cde75/65a02186fb366862010af345_sam-parr@2x.jpg]
[cdn.prod.website-files.com/644d2d21a0c4b116161cde75/65b261628158ddbaa59624ec_codiesanchez.webp]
[cdn.prod.website-files.com/644d2d21a0c4b116161cde75/65a024215ecaca3036ad189d_codie-sanchez@2x.jpg]
[cdn.prod.website-files.com/644d2d21a0c4b116161cde75/65b2246aacb05decd0b82d8c_logo-utopialabs@2x.png]
[cdn.prod.website-files.com/644d2d21a0c4b116161cde75/65b2244188bb131c56aa92ec_logo-brex@2x.png]
[cdn.prod.website-files.com/644d2d21a0c4b116161cde75/65b260a52f86e9ab7f3fe2e2_mariaforleo.webp]
[cdn.prod.website-files.com/644d2d21a0c4b116161cde75/65b21db7682e188edabc5a18_marie-forleo@2x.jpg]
[cdn.prod.website-files.com/644ce907322b022df1244c29/65b23a1927c2f8a758bf7c09_arrow-left.svg]
[cdn.prod.website-files.com/644ce907322b022df1244c29/65b23a1a42f65345c290c055_arrow-right.svg]
[cdn.prod.website-files.com/644ce907322b022df1244c29/65f1a454917490fe32b7b527_illo1.png]
[cdn.prod.website-files.com/644ce907322b022df1244c29/65f1a4547cb37fca55f2e566_illo2.png]
[cdn.prod.website-files.com/644ce907322b022df1244c29/65f1a4552eb11fa11dd0719a_illo3.png]
[cdn.prod.website-files.com/644ce907322b022df1244c29/65f1fc0d16332b4eebd7c5a4_pricing-icon_04@2x.png]
[cdn.prod.website-files.com/644ce907322b022df1244c29/65f1fc0d16332b4eebd7c5a6_pricing-icon_03@2x.png]
[cdn.prod.website-files.com/644ce907322b022df1244c29/644d30fb76ce893d7b1339f6_avatar_christian@2x.jpg]
[www.viralcuts.co/terms.html]
[d3e54v103j8qbb.cloudfront.net/js/jquery-3.5.1.min.dc5e7f18c8e808.js]
[assets-global.website-files.com/644ce907322b022df1244c29/js/webflow.d398e9212.js]
[assets.calendly.com/assets/external/widget.js]
[cdn.jsdelivr.net/npm/@splidejs/splide@3.2.2/dist/js/splide.min.js]
[player.vimeo.com/api/player.js]
[cdnjs.cloudflare.com/ajax/libs/gsap/3.11.5/gsap.min.js]
[cdnjs.cloudflare.com/ajax/libs/gsap/3.11.5/ScrollTrigger.min.js]
[viralcuts.vercel.app/interactions.js]
[viralcuts.vercel.app/gsap.js]
[viralcuts.vercel.app/split-type.js]
[cdn.jsdelivr.net/gh/studio-freight/lenis@1/bundled/lenis.min.js]
[www.viralcuts.co/index.html]
[hubspotonwebflow.com/assets/js/form-124.js]
[www.viralcuts.co/terms.html]
[cdn.prod.website-files.com/644ce907322b022df1244c29/644e606c20ba399f20172444_favicon.png]
[assets-global.website-files.com/644ce907322b022df1244c29/css/viralcuts.webflow.1d7727055.css]
[cdn.prod.website-files.com/644d2d21a0c4b116161cde75/65b25ff9fed0f6c0646773e0_jasonhowes.webp]
[cdn.prod.website-files.com/644d2d21a0c4b116161cde75/65b25fff705d41c4140b40fe_practicalgolf.webp]
[cdn.prod.website-files.com/644d2d21a0c4b116161cde75/65b21ec516cd83b427cde9c8_lewis-howes@2x.jpg]
[cdn.prod.website-files.com/644d2d21a0c4b116161cde75/65b2240fce75eea61cf88f61_logo-definiteapp@2x.png]
[cdn.prod.website-files.com/644d2d21a0c4b116161cde75/65a016d990ada75584714d6f_sahil-avatar.jpg]
[assets.calendly.com/assets/external/widget.css]
[assets.calendly.com/assets/external/close-icon.svg]
[cdn.jsdelivr.net/npm/@splidejs/splide@3.2.2/dist/css/splide-core.min.css]
[cdn.prod.website-files.com/644d2d21a0c4b116161cde75/65b2879f91afa213cb11cbd5_sahil-bloom-butcher.webp]
[cdn.prod.website-files.com/plugins/Basic/assets/placeholder.60f9b1840c.svg]
[cdn.prod.website-files.com/644d2d21a0c4b116161cde75/65b261628158ddbaa59624ec_codiesanchez.webp]
[cdn.prod.website-files.com/644d2d21a0c4b116161cde75/65a02186fb366862010af345_sam-parr@2x.jpg]
[cdn.prod.website-files.com/644ce907322b022df1244c29/65f1a454917490fe32b7b527_illo1.png]
[cdn.prod.website-files.com/644d2d21a0c4b116161cde75/65a024215ecaca3036ad189d_codie-sanchez@2x.jpg]
[d3e54v103j8qbb.cloudfront.net/js/jquery-3.5.1.min.dc5e7f18c8e808.js]
[assets.calendly.com/assets/external/widget.js]
[cdn.prod.website-files.com/644ce907322b022df1244c29/65f1a4552eb11fa11dd0719a_illo3.png]
[cdn.prod.website-files.com/644d2d21a0c4b116161cde75/65b2606212f66b74b8499ae2_samparr.webp]
[assets-global.website-files.com/644ce907322b022df1244c29/js/webflow.d398e9212.js]
[viralcuts.vercel.app/gsap.js]
[viralcuts.vercel.app/split-type.js]
[cdn.prod.website-files.com/644ce907322b022df1244c29/65b23a1927c2f8a758bf7c09_arrow-left.svg]
[hubspotonwebflow.com/assets/js/form-124.js]
[cdn.prod.website-files.com/644ce907322b022df1244c29/65b23a1a42f65345c290c055_arrow-right.svg]
[assets.calendly.com/assets/external/close-icon.svg]
